<?xml version="1.0" encoding="UTF-8" ?>
<testsuite tests="1" failures="1" name="EndToEndTest" time="15.412" errors="0" skipped="0">
  <properties>
[...]
</properties>
  <testcase classname="EndToEndTest" name="LoginMaxBetBetLogout" time="15.412">
    <failure message="Element not found {By.xpath: (//div[@class=&apos;widget__content&apos;]//span[@class=&apos;odd__rate&apos;])[1]}
Expected: exist" type="Element not found {By.xpath">Element not found {By.xpath: (//div[@class=&apos;widget__content&apos;]//span[@class=&apos;odd__rate&apos;])[1]}
Expected: exist
Screenshot: file:/C:/Users/HP/IdeaProjects/SelenideR90/build/reports/tests/1559349209429.0.png
Page source: file:/C:/Users/HP/IdeaProjects/SelenideR90/build/reports/tests/1559349209429.0.html
Timeout: 4 s.
Caused by: NoSuchElementException: no such element: Unable to locate element: {&quot;method&quot;:&quot;xpath&quot;,&quot;selector&quot;:&quot;(//div[@class=&apos;widget__content&apos;]//span[@class=&apos;odd__rate&apos;])[1]&quot;}
	at com.codeborne.selenide.impl.WebElementSource.createElementNotFoundError(WebElementSource.java:37)
	at com.codeborne.selenide.impl.ElementFinder.createElementNotFoundError(ElementFinder.java:100)
	at com.codeborne.selenide.impl.SelenideElementProxy.dispatchAndRetry(SelenideElementProxy.java:131)
	at com.codeborne.selenide.impl.SelenideElementProxy.invoke(SelenideElementProxy.java:65)
	at com.sun.proxy.$Proxy4.getText(Unknown Source)
	at EndToEndTest.LoginMaxBetBetLogout(EndToEndTest.java:39)
	at sun.reflect.NativeMethodAccessorImpl.invoke0(Native Method)
	at sun.reflect.NativeMethodAccessorImpl.invoke(NativeMethodAccessorImpl.java:62)
	at sun.reflect.DelegatingMethodAccessorImpl.invoke(DelegatingMethodAccessorImpl.java:43)
	at java.lang.reflect.Method.invoke(Method.java:498)
	at org.junit.runners.model.FrameworkMethod$1.runReflectiveCall(FrameworkMethod.java:50)
	at org.junit.internal.runners.model.ReflectiveCallable.run(ReflectiveCallable.java:12)
	at org.junit.runners.model.FrameworkMethod.invokeExplosively(FrameworkMethod.java:47)
	at org.junit.internal.runners.statements.InvokeMethod.evaluate(InvokeMethod.java:17)
	at org.junit.runners.ParentRunner.runLeaf(ParentRunner.java:325)
	at org.junit.runners.BlockJUnit4ClassRunner.runChild(BlockJUnit4ClassRunner.java:78)
	at org.junit.runners.BlockJUnit4ClassRunner.runChild(BlockJUnit4ClassRunner.java:57)
	at org.junit.runners.ParentRunner$3.run(ParentRunner.java:290)
	at org.junit.runners.ParentRunner$1.schedule(ParentRunner.java:71)
	at org.junit.runners.ParentRunner.runChildren(ParentRunner.java:288)
	at org.junit.runners.ParentRunner.access$000(ParentRunner.java:58)
	at org.junit.runners.ParentRunner$2.evaluate(ParentRunner.java:268)
	at org.junit.runners.ParentRunner.run(ParentRunner.java:363)
	at org.apache.maven.surefire.junit4.JUnit4Provider.execute(JUnit4Provider.java:252)
	at org.apache.maven.surefire.junit4.JUnit4Provider.executeTestSet(JUnit4Provider.java:141)
	at org.apache.maven.surefire.junit4.JUnit4Provider.invoke(JUnit4Provider.java:112)
	at sun.reflect.NativeMethodAccessorImpl.invoke0(Native Method)
	at sun.reflect.NativeMethodAccessorImpl.invoke(NativeMethodAccessorImpl.java:62)
	at sun.reflect.DelegatingMethodAccessorImpl.invoke(DelegatingMethodAccessorImpl.java:43)
	at java.lang.reflect.Method.invoke(Method.java:498)
	at org.apache.maven.surefire.util.ReflectionUtils.invokeMethodWithArray(ReflectionUtils.java:189)
	at org.apache.maven.surefire.booter.ProviderFactory$ProviderProxy.invoke(ProviderFactory.java:165)
	at org.apache.maven.surefire.booter.ProviderFactory.invokeProvider(ProviderFactory.java:85)
	at org.apache.maven.surefire.booter.ForkedBooter.runSuitesInProcess(ForkedBooter.java:115)
	at org.apache.maven.surefire.booter.ForkedBooter.main(ForkedBooter.java:75)
Caused by: org.openqa.selenium.NoSuchElementException: no such element: Unable to locate element: {&quot;method&quot;:&quot;xpath&quot;,&quot;selector&quot;:&quot;(//div[@class=&apos;widget__content&apos;]//span[@class=&apos;odd__rate&apos;])[1]&quot;}
  (Session info: chrome=74.0.3729.169)
  (Driver info: chromedriver=74.0.3729.6 (255758eccf3d244491b8a1317aa76e1ce10d57e9-refs/branch-heads/3729@{#29}),platform=Windows NT 10.0.17763 x86_64) (WARNING: The server did not provide any stacktrace information)
Command duration or timeout: 0 milliseconds
For documentation on this error, please visit: https://www.seleniumhq.org/exceptions/no_such_element.html
Build info: version: &apos;3.141.59&apos;, revision: &apos;e82be7d358&apos;, time: &apos;2018-11-14T08:17:03&apos;
System info: host: &apos;DESKTOP-OR63KL3&apos;, ip: &apos;192.168.0.103&apos;, os.name: &apos;Windows 10&apos;, os.arch: &apos;amd64&apos;, os.version: &apos;10.0&apos;, java.version: &apos;1.8.0_201&apos;
Driver info: org.openqa.selenium.chrome.ChromeDriver
Capabilities {acceptInsecureCerts: false, acceptSslCerts: false, applicationCacheEnabled: false, browserConnectionEnabled: false, browserName: chrome, chrome: {chromedriverVersion: 74.0.3729.6 (255758eccf3d24..., userDataDir: C:\Users\HP\AppData\Local\T...}, cssSelectorsEnabled: true, databaseEnabled: false, goog:chromeOptions: {debuggerAddress: localhost:54111}, handlesAlerts: true, hasTouchScreen: false, javascriptEnabled: true, locationContextEnabled: true, mobileEmulationEnabled: false, nativeEvents: true, networkConnectionEnabled: false, pageLoadStrategy: normal, platform: XP, platformName: XP, proxy: Proxy(), rotatable: false, setWindowRect: true, strictFileInteractability: false, takesHeapSnapshot: true, takesScreenshot: true, timeouts: {implicit: 0, pageLoad: 300000, script: 30000}, unexpectedAlertBehaviour: ignore, unhandledPromptBehavior: ignore, version: 74.0.3729.169, webStorageEnabled: true}
Session ID: a9e54d0a68cecee4047945b27cba3515
*** Element info: {Using=xpath, value=(//div[@class=&apos;widget__content&apos;]//span[@class=&apos;odd__rate&apos;])[1]}
	at sun.reflect.GeneratedConstructorAccessor11.newInstance(Unknown Source)
	at sun.reflect.DelegatingConstructorAccessorImpl.newInstance(DelegatingConstructorAccessorImpl.java:45)
	at java.lang.reflect.Constructor.newInstance(Constructor.java:423)
	at org.openqa.selenium.remote.ErrorHandler.createThrowable(ErrorHandler.java:214)
	at org.openqa.selenium.remote.ErrorHandler.throwIfResponseFailed(ErrorHandler.java:166)
	at org.openqa.selenium.remote.http.JsonHttpResponseCodec.reconstructValue(JsonHttpResponseCodec.java:40)
	at org.openqa.selenium.remote.http.AbstractHttpResponseCodec.decode(AbstractHttpResponseCodec.java:80)
	at org.openqa.selenium.remote.http.AbstractHttpResponseCodec.decode(AbstractHttpResponseCodec.java:44)
	at org.openqa.selenium.remote.HttpCommandExecutor.execute(HttpCommandExecutor.java:158)
	at org.openqa.selenium.remote.service.DriverCommandExecutor.execute(DriverCommandExecutor.java:83)
	at org.openqa.selenium.remote.RemoteWebDriver.execute(RemoteWebDriver.java:552)
	at org.openqa.selenium.remote.RemoteWebDriver.findElement(RemoteWebDriver.java:323)
	at org.openqa.selenium.remote.RemoteWebDriver.findElementByXPath(RemoteWebDriver.java:428)
	at org.openqa.selenium.By$ByXPath.findElement(By.java:353)
	at org.openqa.selenium.remote.RemoteWebDriver.findElement(RemoteWebDriver.java:315)
	at com.codeborne.selenide.impl.WebElementSelector.findElement(WebElementSelector.java:28)
	at com.codeborne.selenide.impl.ElementFinder.getWebElement(ElementFinder.java:74)
	at com.codeborne.selenide.commands.GetText.execute(GetText.java:21)
	at com.codeborne.selenide.commands.GetText.execute(GetText.java:8)
	at com.codeborne.selenide.commands.Commands.execute(Commands.java:144)
	at com.codeborne.selenide.impl.SelenideElementProxy.dispatchAndRetry(SelenideElementProxy.java:99)
	... 32 more
</failure>
    <system-err>��� 01, 2019 3:33:15 AM com.codeborne.selenide.drivercommands.LazyDriver getAndCheckWebDriver
INFO: No webdriver is bound to current thread: 1 - let&apos;s create a new webdriver
SLF4J: Failed to load class &quot;org.slf4j.impl.StaticLoggerBinder&quot;.
SLF4J: Defaulting to no-operation (NOP) logger implementation
SLF4J: See http://www.slf4j.org/codes.html#StaticLoggerBinder for further details.
��� 01, 2019 3:33:15 AM java.util.prefs.WindowsPreferences &lt;init&gt;
WARNING: Could not open/create prefs root node Software\JavaSoft\Prefs at root 0x80000002. Windows RegCreateKeyEx(...) returned error code 5.
Starting ChromeDriver 74.0.3729.6 (255758eccf3d244491b8a1317aa76e1ce10d57e9-refs/branch-heads/3729@{#29}) on port 13292
Only local connections are allowed.
Please protect ports used by ChromeDriver and related test frameworks to prevent access by malicious code.
��� 01, 2019 3:33:19 AM org.openqa.selenium.remote.ProtocolHandshake createSession
INFO: Detected dialect: OSS
��� 01, 2019 3:33:20 AM com.codeborne.selenide.webdriver.WebDriverFactory logBrowserVersion
INFO: BrowserName=chrome Version=74.0.3729.169 Platform=XP
��� 01, 2019 3:33:20 AM com.codeborne.selenide.webdriver.WebDriverFactory createWebDriver
INFO: Selenide v. 5.2.3
��� 01, 2019 3:33:20 AM com.codeborne.selenide.webdriver.WebDriverFactory logSeleniumInfo
INFO: Selenium WebDriver v. 3.141.59 build time: 2018-11-14T08:17:03
��� 01, 2019 3:33:20 AM com.codeborne.selenide.drivercommands.CreateDriverCommand createDriver
INFO: Create webdriver in current thread 1: ChromeDriver -&gt; ChromeDriver: chrome on XP (a9e54d0a68cecee4047945b27cba3515)
</system-err>
  </testcase>
</testsuite>